<?xml version="1.0" encoding="utf-8"?><testsuites name="pytest tests"><testsuite name="pytest" errors="0" failures="0" skipped="0" tests="25" time="5.755" timestamp="2026-06-27T12:11:54.947096+00:00" hostname="agent-env-1c97937e-e65c-42d9-a8eb-c2c899178d21"><testcase classname="backend.tests.test_civicconnect" name="test_root_alive" time="0.515" /><testcase classname="backend.tests.test_civicconnect" name="test_login_invalid" time="0.088" /><testcase classname="backend.tests.test_civicconnect" name="test_register_citizen_new" time="0.433" /><testcase classname="backend.tests.test_civicconnect" name="test_admin_register_blocked_when_exists" time="0.734" /><testcase classname="backend.tests.test_civicconnect" name="test_me_endpoint" time="0.391" /><testcase classname="backend.tests.test_civicconnect" name="test_me_unauthorized" time="0.062" /><testcase classname="backend.tests.test_civicconnect" name="test_create_issue" time="0.116" /><testcase classname="backend.tests.test_civicconnect" name="test_invalid_category" time="0.097" /><testcase classname="backend.tests.test_civicconnect" name="test_list_my_issues" time="0.077" /><testcase classname="backend.tests.test_civicconnect" name="test_track_public" time="0.094" /><testcase classname="backend.tests.test_civicconnect" name="test_track_invalid" time="0.112" /><testcase classname="backend.tests.test_civicconnect" name="test_get_issue_owner" time="0.072" /><testcase classname="backend.tests.test_civicconnect" name="test_upload_and_serve" time="0.969" /><testcase classname="backend.tests.test_civicconnect" name="test_files_unauth" time="0.073" /><testcase classname="backend.tests.test_civicconnect" name="test_officers_admin_only" time="0.182" /><testcase classname="backend.tests.test_civicconnect" name="test_status_update_rbac" time="0.076" /><testcase classname="backend.tests.test_civicconnect" name="test_admin_status_verified" time="0.177" /><testcase classname="backend.tests.test_civicconnect" name="test_admin_resolved_awards_points" time="0.219" /><testcase classname="backend.tests.test_civicconnect" name="test_invalid_status" time="0.072" /><testcase classname="backend.tests.test_civicconnect" name="test_notifications" time="0.242" /><testcase classname="backend.tests.test_civicconnect" name="test_stats_admin" time="0.427" /><testcase classname="backend.tests.test_civicconnect" name="test_stats_admin_rbac" time="0.161" /><testcase classname="backend.tests.test_civicconnect" name="test_leaderboard" time="0.098" /><testcase classname="backend.tests.test_civicconnect" name="test_community_feed" time="0.079" /><testcase classname="backend.tests.test_civicconnect" name="test_contact" time="0.097" /></testsuite></testsuites>